<?xml version="1.0" encoding="UTF-8"?>
<testng-results ignored="0" total="1" passed="1" failed="0" skipped="0">
  <reporter-output>
  </reporter-output>
  <suite started-at="2025-03-31T21:35:02 IST" name="Default suite" finished-at="2025-03-31T21:35:34 IST" duration-ms="31883">
    <groups>
    </groups>
    <test started-at="2025-03-31T21:35:02 IST" name="Default test" finished-at="2025-03-31T21:35:34 IST" duration-ms="31883">
      <class name="testCases.CreateLeadTest">
        <test-method is-config="true" signature="configBs()[pri:0, instance:testCases.CreateLeadTest@298a5e20]" started-at="2025-03-31T21:35:02 IST" name="configBs" finished-at="2025-03-31T21:35:02 IST" duration-ms="87" status="PASS">
          <reporter-output>
          </reporter-output>
        </test-method> <!-- configBs -->
        <test-method is-config="true" signature="configBC()[pri:0, instance:testCases.CreateLeadTest@298a5e20]" started-at="2025-03-31T21:35:02 IST" name="configBC" finished-at="2025-03-31T21:35:05 IST" duration-ms="3459" status="PASS">
          <reporter-output>
          </reporter-output>
        </test-method> <!-- configBC -->
        <test-method is-config="true" signature="configBM()[pri:0, instance:testCases.CreateLeadTest@298a5e20]" started-at="2025-03-31T21:35:05 IST" name="configBM" finished-at="2025-03-31T21:35:06 IST" duration-ms="1111" status="PASS">
          <reporter-output>
          </reporter-output>
        </test-method> <!-- configBM -->
        <test-method signature="CreateLead()[pri:0, instance:testCases.CreateLeadTest@298a5e20]" started-at="2025-03-31T21:35:06 IST" name="CreateLead" finished-at="2025-03-31T21:35:33 IST" duration-ms="26221" status="PASS">
          <reporter-output>
          </reporter-output>
        </test-method> <!-- CreateLead -->
        <test-method is-config="true" signature="configAM()[pri:0, instance:testCases.CreateLeadTest@298a5e20]" started-at="2025-03-31T21:35:33 IST" name="configAM" finished-at="2025-03-31T21:35:33 IST" duration-ms="718" status="PASS">
          <reporter-output>
          </reporter-output>
        </test-method> <!-- configAM -->
        <test-method is-config="true" signature="configAC()[pri:0, instance:testCases.CreateLeadTest@298a5e20]" started-at="2025-03-31T21:35:33 IST" name="configAC" finished-at="2025-03-31T21:35:34 IST" duration-ms="304" status="PASS">
          <reporter-output>
          </reporter-output>
        </test-method> <!-- configAC -->
        <test-method is-config="true" signature="configAS()[pri:0, instance:testCases.CreateLeadTest@298a5e20]" started-at="2025-03-31T21:35:34 IST" name="configAS" finished-at="2025-03-31T21:35:34 IST" duration-ms="0" status="PASS">
          <reporter-output>
          </reporter-output>
        </test-method> <!-- configAS -->
      </class> <!-- testCases.CreateLeadTest -->
    </test> <!-- Default test -->
  </suite> <!-- Default suite -->
</testng-results>
